=================================================
Project : chart_18	start : 24/04/28 16:57
Current failed test : org.jfree.data.junit.DefaultKeyedValuesTests::testGetIndex2$catena_2_purify_1 | 24/04/28 16:57
Sun Apr 28 16:57:59 UTC 2024 org.jfree.data.DefaultKeyedValues,316
Sun Apr 28 16:58:19 UTC 2024 org.jfree.data.DefaultKeyedValues,317
Sun Apr 28 16:58:19 UTC 2024 org.jfree.data.DefaultKeyedValues,318
Sun Apr 28 16:58:36 UTC 2024 Sun Apr 28 16:58:36 UTC 2024 : org.jfree.data.DefaultKeyedValues,321=>Find no block
Sun Apr 28 16:58:36 UTC 2024 org.jfree.data.DefaultKeyedValues,333
Sun Apr 28 16:59:06 UTC 2024 org.jfree.data.DefaultKeyedValues,334
Sun Apr 28 16:59:15 UTC 2024 org.jfree.data.DefaultKeyedValues,337
Sun Apr 28 16:59:15 UTC 2024 Sun Apr 28 16:59:15 UTC 2024 : org.jfree.data.DefaultKeyedValues,338=>Find no block
Sun Apr 28 16:59:16 UTC 2024 org.jfree.data.DefaultKeyedValues,335
Sun Apr 28 16:59:16 UTC 2024 org.jfree.data.DefaultKeyedValues2D,455
Sun Apr 28 16:59:47 UTC 2024 org.jfree.data.DefaultKeyedValues2D,456
Sun Apr 28 17:00:19 UTC 2024 org.jfree.data.DefaultKeyedValues2D,457
Sun Apr 28 17:00:20 UTC 2024 org.jfree.data.DefaultKeyedValues2D,458
Sun Apr 28 17:00:20 UTC 2024 Sun Apr 28 17:00:20 UTC 2024 : org.jfree.data.DefaultKeyedValues2D,459=>Find no block
Sun Apr 28 17:00:20 UTC 2024 org.jfree.data.DefaultKeyedValues2D,460
Sun Apr 28 17:00:20 UTC 2024 Sun Apr 28 17:00:20 UTC 2024 : org.jfree.data.DefaultKeyedValues2D,461=>Find no block
Sun Apr 28 17:00:20 UTC 2024 org.jfree.data.category.DefaultCategoryDataset,350
Sun Apr 28 17:00:27 UTC 2024 org.jfree.data.category.DefaultCategoryDataset,351
Sun Apr 28 17:00:27 UTC 2024 Sun Apr 28 17:00:27 UTC 2024 : org.jfree.data.category.DefaultCategoryDataset,352=>Find no block
Sun Apr 28 17:00:27 UTC 2024 org.jfree.data.DefaultKeyedValues,319
Sun Apr 28 17:00:27 UTC 2024 org.jfree.data.DefaultKeyedValues,299
